            7.000   2.000i   1.000j   0.000k
0.000       0.000   0.000i   0.000j   0.000k
2.000i    14.000i   -4.000   2.000k  -0.000j
-4.000j  -28.000j   8.000k    4.000  -0.000i
5.000k    35.000k  10.000j  -5.000i   -0.000
0.000+9.000i+-18.000j+45.000k
          -1.000   0.000i    4.000j    2.000k
-16.000   16.000  -0.000i  -64.000j  -32.000k
-2.000i   2.000i    0.000   -8.000k    4.000j
3.000j   -3.000j  -0.000k   -12.000    6.000i
2.000k   -2.000k   0.000j   -8.000i    -4.000
0.000+0.000i+-63.000j+-42.000k
opgave1a: [-2 -3 -4]
opgave1b: inproduct van c en a is 0
opgave 1c: afstand: 2.228
opgave 2a (*5):
[[1. 2. 0.]
 [2. 4. 0.]
 [0. 0. 5.]]
opgave 2b (*5):
[[-3.  4.  0.]
 [ 4.  3.  0.]
 [ 0.  0.  5.]]
opgave 2c (*5):
[[1. 2. 0.]
 [2. 4. 0.]
 [0. 0. 5.]]
opgave 3a: 0.000+2.000i+0.000j+-1.000k
opgave 3b: 0.707+-0.566i+0.000j+0.424k
opgave 3c: 0.707+0.566i+-0.000j+-0.424k
opgave 3d(1): -1.556+1.414i+0.283j+-0.707k
           0.707   0.566i  -0.000j  -0.424k
0.000      0.000   0.000i  -0.000j  -0.000k
2.000i    1.414i   -1.131  -0.000k   0.849j
0.000j    0.000j  -0.000k    0.000  -0.000i
-1.000k  -0.707k  -0.566j  -0.000i   -0.424
opgave 3d(2): -0.000+1.760i+0.400j+-1.320k
          -1.556   1.414i   0.283j  -0.707k
0.707     -1.100   1.000i   0.200j  -0.500k
-0.566i   0.880i    0.800  -0.160k  -0.400j
0.000j   -0.000j  -0.000k   -0.000  -0.000i
0.424k   -0.660k   0.600j  -0.120i    0.300
opgave 4a: 40.000000000000014
